Vlidation at HEFT: mean_flowtime_deterministic: 521.875939+/-75.079270	 time_elapsed: 0.087675
Vlidation at update-0: mean_flowtime_deterministic: 421.007858+/-68.341115	 mean_Entropy: 1.293109+/-0.046700	 record: 421.007858	 time_elapsed: 0.199275
Episode-1: ep_meanFlowTime: 506.718572	 all_loss: 0.240729	 p_loss: -1.728465	 e_loss: 1.239471	 v_loss: 0.481458	 v_mre: 38.480464	 grad_changes: 0.000000	 time_elapsed: 0.2195
Episode-2: ep_meanFlowTime: 380.981955	 all_loss: 0.116318	 p_loss: 0.357240	 e_loss: 1.251616	 v_loss: 0.232637	 v_mre: 34.516130	 grad_changes: 0.000000	 time_elapsed: 0.2409
Episode-3: ep_meanFlowTime: 396.874040	 all_loss: 0.117891	 p_loss: 0.052318	 e_loss: 1.317309	 v_loss: 0.235781	 v_mre: 49.082596	 grad_changes: 0.000000	 time_elapsed: 0.2593
Episode-4: ep_meanFlowTime: 447.675593	 all_loss: 0.056676	 p_loss: 0.109497	 e_loss: 1.323697	 v_loss: 0.113353	 v_mre: 20.070036	 grad_changes: 0.000000	 time_elapsed: 0.2788
Episode-5: ep_meanFlowTime: 439.124112	 all_loss: 0.084920	 p_loss: -0.063608	 e_loss: 1.242635	 v_loss: 0.169839	 v_mre: 22.525829	 grad_changes: 0.000000	 time_elapsed: 0.2997
Episode-6: ep_meanFlowTime: 428.641312	 all_loss: 0.151218	 p_loss: -0.036901	 e_loss: 1.314789	 v_loss: 0.302435	 v_mre: 104.391378	 grad_changes: 0.000000	 time_elapsed: 0.3187
Episode-7: ep_meanFlowTime: 224.003825	 all_loss: 0.032847	 p_loss: 0.445042	 e_loss: 1.282261	 v_loss: 0.065695	 v_mre: 29.451699	 grad_changes: 0.000000	 time_elapsed: 0.3368
Episode-8: ep_meanFlowTime: 479.341409	 all_loss: 0.198026	 p_loss: -0.709108	 e_loss: 1.265595	 v_loss: 0.396053	 v_mre: 36.105042	 grad_changes: 0.000000	 time_elapsed: 0.3565
Episode-9: ep_meanFlowTime: 256.135092	 all_loss: 0.061487	 p_loss: 0.673256	 e_loss: 1.261249	 v_loss: 0.122975	 v_mre: 38.183960	 grad_changes: 0.000000	 time_elapsed: 0.3763
Episode-10: ep_meanFlowTime: 327.043196	 all_loss: 0.066545	 p_loss: -0.188379	 e_loss: 1.224818	 v_loss: 0.133090	 v_mre: 45.240816	 grad_changes: 0.000000	 time_elapsed: 0.3962
Episode-11: ep_meanFlowTime: 593.252589	 all_loss: 0.129952	 p_loss: -0.508263	 e_loss: 1.225314	 v_loss: 0.259903	 v_mre: 22.333275	 grad_changes: 0.000000	 time_elapsed: 0.4176
Episode-12: ep_meanFlowTime: 367.995174	 all_loss: 0.099899	 p_loss: 0.458292	 e_loss: 1.188308	 v_loss: 0.199798	 v_mre: 33.243735	 grad_changes: 0.000000	 time_elapsed: 0.4381
Episode-13: ep_meanFlowTime: 478.538960	 all_loss: 0.155381	 p_loss: -0.429655	 e_loss: 1.211694	 v_loss: 0.310763	 v_mre: 145.852282	 grad_changes: 0.000000	 time_elapsed: 0.4580
Episode-14: ep_meanFlowTime: 386.216078	 all_loss: 0.041740	 p_loss: 0.198523	 e_loss: 1.275345	 v_loss: 0.083481	 v_mre: 20.606483	 grad_changes: 0.000000	 time_elapsed: 0.4773
Episode-15: ep_meanFlowTime: 468.735847	 all_loss: 0.099480	 p_loss: -0.054165	 e_loss: 1.235939	 v_loss: 0.198961	 v_mre: 22.821394	 grad_changes: 0.000000	 time_elapsed: 0.4972
Episode-16: ep_meanFlowTime: 308.891660	 all_loss: 0.044694	 p_loss: 0.483332	 e_loss: 1.256699	 v_loss: 0.089389	 v_mre: 57.422403	 grad_changes: 0.000000	 time_elapsed: 0.5163
Episode-17: ep_meanFlowTime: 504.342636	 all_loss: 0.109049	 p_loss: -0.353740	 e_loss: 1.262916	 v_loss: 0.218098	 v_mre: 27.162361	 grad_changes: 0.000000	 time_elapsed: 0.5369
Episode-18: ep_meanFlowTime: 532.470179	 all_loss: 0.079400	 p_loss: -0.455991	 e_loss: 1.262590	 v_loss: 0.158800	 v_mre: 19.466114	 grad_changes: 0.000000	 time_elapsed: 0.5565
Episode-19: ep_meanFlowTime: 442.498927	 all_loss: 0.109627	 p_loss: 0.309559	 e_loss: 1.292910	 v_loss: 0.219254	 v_mre: 34.546030	 grad_changes: 0.000000	 time_elapsed: 0.5756
Episode-20: ep_meanFlowTime: 418.570269	 all_loss: 0.131759	 p_loss: 0.255942	 e_loss: 1.257719	 v_loss: 0.263519	 v_mre: 33.263129	 grad_changes: 0.000000	 time_elapsed: 0.5966
Vlidation at update-20: mean_flowtime_deterministic: 421.007858+/-68.341115	 mean_Entropy: 1.293124+/-0.046695	 record: 421.007858	 time_elapsed: 0.7096
Episode-21: ep_meanFlowTime: 447.711682	 all_loss: 0.094554	 p_loss: -0.212092	 e_loss: 1.247614	 v_loss: 0.189109	 v_mre: 26.510488	 grad_changes: 0.000000	 time_elapsed: 0.7288
Episode-22: ep_meanFlowTime: 462.254075	 all_loss: 0.062755	 p_loss: 0.269877	 e_loss: 1.221448	 v_loss: 0.125509	 v_mre: 18.885278	 grad_changes: 0.000000	 time_elapsed: 0.7495
Episode-23: ep_meanFlowTime: 453.165074	 all_loss: 0.081768	 p_loss: 0.034652	 e_loss: 1.270946	 v_loss: 0.163536	 v_mre: 26.538453	 grad_changes: 0.000000	 time_elapsed: 0.7702
Episode-24: ep_meanFlowTime: 590.911893	 all_loss: 0.115075	 p_loss: -0.249139	 e_loss: 1.269547	 v_loss: 0.230150	 v_mre: 20.984050	 grad_changes: 0.000000	 time_elapsed: 0.7911
Episode-25: ep_meanFlowTime: 430.666863	 all_loss: 0.055758	 p_loss: 0.165811	 e_loss: 1.194716	 v_loss: 0.111516	 v_mre: 27.010924	 grad_changes: 0.000000	 time_elapsed: 0.8114
Episode-26: ep_meanFlowTime: 373.959314	 all_loss: 0.028795	 p_loss: 0.062201	 e_loss: 1.242410	 v_loss: 0.057590	 v_mre: 76.293326	 grad_changes: 0.000000	 time_elapsed: 0.8312
Episode-27: ep_meanFlowTime: 430.097376	 all_loss: 0.088584	 p_loss: -0.149351	 e_loss: 1.237579	 v_loss: 0.177167	 v_mre: 30.918103	 grad_changes: 0.000000	 time_elapsed: 0.8511
Episode-28: ep_meanFlowTime: 509.730735	 all_loss: 0.072527	 p_loss: -0.187417	 e_loss: 1.241963	 v_loss: 0.145053	 v_mre: 58.557784	 grad_changes: 0.000000	 time_elapsed: 0.8708
Episode-29: ep_meanFlowTime: 489.713177	 all_loss: 0.133603	 p_loss: 0.439739	 e_loss: 1.291637	 v_loss: 0.267205	 v_mre: 25.053344	 grad_changes: 0.000000	 time_elapsed: 0.8909
Episode-30: ep_meanFlowTime: 610.888680	 all_loss: 0.097416	 p_loss: -0.522984	 e_loss: 1.263592	 v_loss: 0.194832	 v_mre: 18.705135	 grad_changes: 0.000000	 time_elapsed: 0.9112
Episode-31: ep_meanFlowTime: 385.904241	 all_loss: 0.111324	 p_loss: 0.534003	 e_loss: 1.212119	 v_loss: 0.222649	 v_mre: 37.457129	 grad_changes: 0.000000	 time_elapsed: 0.9312
Episode-32: ep_meanFlowTime: 302.785218	 all_loss: 0.042929	 p_loss: 0.353758	 e_loss: 1.286457	 v_loss: 0.085857	 v_mre: 31.908756	 grad_changes: 0.000000	 time_elapsed: 0.9497
Episode-33: ep_meanFlowTime: 344.914243	 all_loss: 0.089966	 p_loss: 0.004212	 e_loss: 1.293813	 v_loss: 0.179931	 v_mre: 31.460355	 grad_changes: 0.000000	 time_elapsed: 0.9689
Episode-34: ep_meanFlowTime: 380.199932	 all_loss: 0.089784	 p_loss: 0.003927	 e_loss: 1.209155	 v_loss: 0.179568	 v_mre: 108.614966	 grad_changes: 0.000000	 time_elapsed: 0.9894
Episode-35: ep_meanFlowTime: 378.585440	 all_loss: 0.047092	 p_loss: -0.040615	 e_loss: 1.269395	 v_loss: 0.094185	 v_mre: 57.472731	 grad_changes: 0.000000	 time_elapsed: 1.0093
Episode-36: ep_meanFlowTime: 398.878894	 all_loss: 0.027431	 p_loss: -0.145474	 e_loss: 1.203131	 v_loss: 0.054861	 v_mre: 24.023107	 grad_changes: 0.000000	 time_elapsed: 1.0292
Episode-37: ep_meanFlowTime: 339.001406	 all_loss: 0.042253	 p_loss: -0.176613	 e_loss: 1.276883	 v_loss: 0.084506	 v_mre: 22.821815	 grad_changes: 0.000000	 time_elapsed: 1.0485
Episode-38: ep_meanFlowTime: 485.915567	 all_loss: 0.147545	 p_loss: -0.203295	 e_loss: 1.282641	 v_loss: 0.295090	 v_mre: 44.299017	 grad_changes: 0.000000	 time_elapsed: 1.0691
Episode-39: ep_meanFlowTime: 507.861593	 all_loss: 0.103457	 p_loss: 0.029683	 e_loss: 1.204796	 v_loss: 0.206914	 v_mre: 109.542480	 grad_changes: 0.000000	 time_elapsed: 1.0901
Episode-40: ep_meanFlowTime: 614.551195	 all_loss: 0.140653	 p_loss: -0.956782	 e_loss: 1.292293	 v_loss: 0.281305	 v_mre: 179.377778	 grad_changes: 0.000000	 time_elapsed: 1.1103
Vlidation at update-40: mean_flowtime_deterministic: 421.007858+/-68.341115	 mean_Entropy: 1.293122+/-0.046688	 record: 421.007858	 time_elapsed: 1.2230
Episode-41: ep_meanFlowTime: 364.672905	 all_loss: 0.059730	 p_loss: 0.509955	 e_loss: 1.202437	 v_loss: 0.119460	 v_mre: 25.688071	 grad_changes: 0.000000	 time_elapsed: 1.2426
Episode-42: ep_meanFlowTime: 351.750477	 all_loss: 0.040408	 p_loss: 0.160729	 e_loss: 1.261482	 v_loss: 0.080816	 v_mre: 43.182131	 grad_changes: 0.000000	 time_elapsed: 1.2624
Episode-43: ep_meanFlowTime: 353.998816	 all_loss: 0.050788	 p_loss: 0.061145	 e_loss: 1.282887	 v_loss: 0.101576	 v_mre: 48.643306	 grad_changes: 0.000000	 time_elapsed: 1.2819
Episode-44: ep_meanFlowTime: 462.379798	 all_loss: 0.065882	 p_loss: -0.347450	 e_loss: 1.304175	 v_loss: 0.131764	 v_mre: 24.682523	 grad_changes: 0.000000	 time_elapsed: 1.3019
Episode-45: ep_meanFlowTime: 476.448056	 all_loss: 0.084734	 p_loss: 0.020286	 e_loss: 1.220927	 v_loss: 0.169467	 v_mre: 27.184775	 grad_changes: 0.000000	 time_elapsed: 1.3217
Episode-46: ep_meanFlowTime: 578.322247	 all_loss: 0.140137	 p_loss: -0.199478	 e_loss: 1.244582	 v_loss: 0.280274	 v_mre: 64.865946	 grad_changes: 0.000000	 time_elapsed: 1.3444
Episode-47: ep_meanFlowTime: 520.000193	 all_loss: 0.077840	 p_loss: -0.463274	 e_loss: 1.275324	 v_loss: 0.155679	 v_mre: 19.426481	 grad_changes: 0.000000	 time_elapsed: 1.3650
Episode-48: ep_meanFlowTime: 293.310686	 all_loss: 0.040704	 p_loss: 0.562088	 e_loss: 1.279896	 v_loss: 0.081408	 v_mre: 121.471768	 grad_changes: 0.000000	 time_elapsed: 1.3844
Episode-49: ep_meanFlowTime: 394.831471	 all_loss: 0.056799	 p_loss: -0.184749	 e_loss: 1.272988	 v_loss: 0.113598	 v_mre: 67.905384	 grad_changes: 0.000000	 time_elapsed: 1.4043
Episode-50: ep_meanFlowTime: 314.251836	 all_loss: 0.038703	 p_loss: 0.101850	 e_loss: 1.259637	 v_loss: 0.077406	 v_mre: 24.417974	 grad_changes: 0.000000	 time_elapsed: 1.4241
Episode-51: ep_meanFlowTime: 667.297198	 all_loss: 0.344785	 p_loss: -0.783441	 e_loss: 1.194557	 v_loss: 0.689571	 v_mre: 26.132968	 grad_changes: 0.000000	 time_elapsed: 1.4485
Episode-52: ep_meanFlowTime: 347.404798	 all_loss: 0.042249	 p_loss: 0.408455	 e_loss: 1.162191	 v_loss: 0.084498	 v_mre: 24.657151	 grad_changes: 0.000000	 time_elapsed: 1.4686
Episode-53: ep_meanFlowTime: 305.188426	 all_loss: 0.048659	 p_loss: 0.125513	 e_loss: 1.231729	 v_loss: 0.097317	 v_mre: 32.752411	 grad_changes: 0.000000	 time_elapsed: 1.4881
Episode-54: ep_meanFlowTime: 363.992144	 all_loss: 0.056201	 p_loss: -0.181604	 e_loss: 1.255003	 v_loss: 0.112402	 v_mre: 24.184911	 grad_changes: 0.000000	 time_elapsed: 1.5082
Episode-55: ep_meanFlowTime: 521.529091	 all_loss: 0.091298	 p_loss: -0.254848	 e_loss: 1.223972	 v_loss: 0.182595	 v_mre: 21.797065	 grad_changes: 0.000000	 time_elapsed: 1.5284
Episode-56: ep_meanFlowTime: 502.970976	 all_loss: 0.092316	 p_loss: 0.022248	 e_loss: 1.277737	 v_loss: 0.184632	 v_mre: 76.404691	 grad_changes: 0.000000	 time_elapsed: 1.5489
Episode-57: ep_meanFlowTime: 509.671594	 all_loss: 0.113355	 p_loss: -0.059549	 e_loss: 1.201699	 v_loss: 0.226711	 v_mre: 159.234733	 grad_changes: 0.000000	 time_elapsed: 1.5701
Episode-58: ep_meanFlowTime: 230.075474	 all_loss: 0.035409	 p_loss: 0.279575	 e_loss: 1.260332	 v_loss: 0.070818	 v_mre: 47.903419	 grad_changes: 0.000000	 time_elapsed: 1.5890
Episode-59: ep_meanFlowTime: 537.307801	 all_loss: 0.114956	 p_loss: -0.523516	 e_loss: 1.223040	 v_loss: 0.229913	 v_mre: 22.683478	 grad_changes: 0.000000	 time_elapsed: 1.6108
Episode-60: ep_meanFlowTime: 351.210134	 all_loss: 0.035587	 p_loss: 0.172440	 e_loss: 1.179020	 v_loss: 0.071175	 v_mre: 20.610177	 grad_changes: 0.000000	 time_elapsed: 1.6309
Vlidation at update-60: mean_flowtime_deterministic: 421.007858+/-68.341115	 mean_Entropy: 1.293122+/-0.046699	 record: 421.007858	 time_elapsed: 1.7430
Episode-61: ep_meanFlowTime: 439.482677	 all_loss: 0.050105	 p_loss: -0.184261	 e_loss: 1.166873	 v_loss: 0.100210	 v_mre: 22.021856	 grad_changes: 0.000000	 time_elapsed: 1.7630
Episode-62: ep_meanFlowTime: 474.901146	 all_loss: 0.075103	 p_loss: 0.063565	 e_loss: 1.262194	 v_loss: 0.150207	 v_mre: 51.264353	 grad_changes: 0.000000	 time_elapsed: 1.7820
Episode-63: ep_meanFlowTime: 404.432950	 all_loss: 0.069441	 p_loss: 0.192534	 e_loss: 1.223108	 v_loss: 0.138883	 v_mre: 22.923688	 grad_changes: 0.000000	 time_elapsed: 1.8020
Episode-64: ep_meanFlowTime: 419.867221	 all_loss: 0.079597	 p_loss: 0.019731	 e_loss: 1.236587	 v_loss: 0.159193	 v_mre: 26.286809	 grad_changes: 0.000000	 time_elapsed: 1.8221
Episode-65: ep_meanFlowTime: 416.648808	 all_loss: 0.054934	 p_loss: 0.105046	 e_loss: 1.259373	 v_loss: 0.109868	 v_mre: 27.700714	 grad_changes: 0.000000	 time_elapsed: 1.8418
Episode-66: ep_meanFlowTime: 190.237661	 all_loss: 0.018543	 p_loss: 0.204646	 e_loss: 1.276715	 v_loss: 0.037085	 v_mre: 30.130908	 grad_changes: 0.000000	 time_elapsed: 1.8598
Episode-67: ep_meanFlowTime: 538.806726	 all_loss: 0.104054	 p_loss: -0.768373	 e_loss: 1.176291	 v_loss: 0.208108	 v_mre: 167.263679	 grad_changes: 0.000000	 time_elapsed: 1.8806
Episode-68: ep_meanFlowTime: 602.793939	 all_loss: 0.115477	 p_loss: -0.348379	 e_loss: 1.319055	 v_loss: 0.230955	 v_mre: 23.936841	 grad_changes: 0.000000	 time_elapsed: 1.9010
Episode-69: ep_meanFlowTime: 323.831508	 all_loss: 0.056462	 p_loss: 0.591327	 e_loss: 1.248528	 v_loss: 0.112923	 v_mre: 32.322840	 grad_changes: 0.000000	 time_elapsed: 1.9199
Episode-70: ep_meanFlowTime: 423.201317	 all_loss: 0.053264	 p_loss: -0.294992	 e_loss: 1.272507	 v_loss: 0.106529	 v_mre: 22.491979	 grad_changes: 0.000000	 time_elapsed: 1.9395
Episode-71: ep_meanFlowTime: 620.446316	 all_loss: 0.114524	 p_loss: -0.262868	 e_loss: 1.196471	 v_loss: 0.229048	 v_mre: 151.968493	 grad_changes: 0.000000	 time_elapsed: 1.9614
Episode-72: ep_meanFlowTime: 450.682388	 all_loss: 0.053847	 p_loss: 0.119232	 e_loss: 1.274690	 v_loss: 0.107693	 v_mre: 114.603675	 grad_changes: 0.000000	 time_elapsed: 1.9807
Episode-73: ep_meanFlowTime: 311.116616	 all_loss: 0.067754	 p_loss: 0.552951	 e_loss: 1.250141	 v_loss: 0.135508	 v_mre: 85.771056	 grad_changes: 0.000000	 time_elapsed: 2.0002
Episode-74: ep_meanFlowTime: 470.895924	 all_loss: 0.098143	 p_loss: -0.334203	 e_loss: 1.298153	 v_loss: 0.196285	 v_mre: 25.838506	 grad_changes: 0.000000	 time_elapsed: 2.0208
Episode-75: ep_meanFlowTime: 433.832878	 all_loss: 0.095269	 p_loss: -0.097261	 e_loss: 1.233449	 v_loss: 0.190538	 v_mre: 26.247039	 grad_changes: 0.000000	 time_elapsed: 2.0409
Episode-76: ep_meanFlowTime: 375.999672	 all_loss: 0.100837	 p_loss: 0.078895	 e_loss: 1.328162	 v_loss: 0.201675	 v_mre: 90.962431	 grad_changes: 0.000000	 time_elapsed: 2.0597
Episode-77: ep_meanFlowTime: 358.403774	 all_loss: 0.034291	 p_loss: 0.151777	 e_loss: 1.208208	 v_loss: 0.068582	 v_mre: 22.798967	 grad_changes: 0.000000	 time_elapsed: 2.0795
Episode-78: ep_meanFlowTime: 474.263467	 all_loss: 0.070305	 p_loss: -0.107638	 e_loss: 1.226510	 v_loss: 0.140611	 v_mre: 41.478419	 grad_changes: 0.000000	 time_elapsed: 2.1004
Episode-79: ep_meanFlowTime: 546.915307	 all_loss: 0.068275	 p_loss: -0.084699	 e_loss: 1.223157	 v_loss: 0.136550	 v_mre: 17.226939	 grad_changes: 0.000000	 time_elapsed: 2.1221
Episode-80: ep_meanFlowTime: 441.091507	 all_loss: 0.043206	 p_loss: -0.048722	 e_loss: 1.192271	 v_loss: 0.086411	 v_mre: 21.319540	 grad_changes: 0.000000	 time_elapsed: 2.1423
Vlidation at update-80: mean_flowtime_deterministic: 421.007858+/-68.341115	 mean_Entropy: 1.293131+/-0.046701	 record: 421.007858	 time_elapsed: 2.2549
Episode-81: ep_meanFlowTime: 257.239124	 all_loss: 0.045291	 p_loss: 0.420375	 e_loss: 1.300989	 v_loss: 0.090582	 v_mre: 86.014752	 grad_changes: 0.000000	 time_elapsed: 2.2735
Episode-82: ep_meanFlowTime: 446.782780	 all_loss: 0.060513	 p_loss: -0.525056	 e_loss: 1.323923	 v_loss: 0.121026	 v_mre: 22.777874	 grad_changes: 0.000000	 time_elapsed: 2.2925
Episode-83: ep_meanFlowTime: 529.880921	 all_loss: 0.131192	 p_loss: -0.140846	 e_loss: 1.230764	 v_loss: 0.262385	 v_mre: 233.384236	 grad_changes: 0.000000	 time_elapsed: 2.3127
Episode-84: ep_meanFlowTime: 329.581661	 all_loss: 0.085070	 p_loss: 0.545603	 e_loss: 1.251141	 v_loss: 0.170140	 v_mre: 70.760105	 grad_changes: 0.000000	 time_elapsed: 2.3324
Episode-85: ep_meanFlowTime: 496.905205	 all_loss: 0.049385	 p_loss: -0.084738	 e_loss: 1.315162	 v_loss: 0.098769	 v_mre: 17.415699	 grad_changes: 0.000000	 time_elapsed: 2.3527
Episode-86: ep_meanFlowTime: 577.587699	 all_loss: 0.071404	 p_loss: -0.153983	 e_loss: 1.210241	 v_loss: 0.142809	 v_mre: 16.971011	 grad_changes: 0.000000	 time_elapsed: 2.3738
Episode-87: ep_meanFlowTime: 482.605707	 all_loss: 0.059638	 p_loss: -0.029915	 e_loss: 1.280909	 v_loss: 0.119276	 v_mre: 18.555224	 grad_changes: 0.000000	 time_elapsed: 2.3932
Episode-88: ep_meanFlowTime: 518.290704	 all_loss: 0.077344	 p_loss: 0.411695	 e_loss: 1.263188	 v_loss: 0.154687	 v_mre: 50.942013	 grad_changes: 0.000000	 time_elapsed: 2.4143
Episode-89: ep_meanFlowTime: 617.610856	 all_loss: 0.140577	 p_loss: -0.402739	 e_loss: 1.273558	 v_loss: 0.281154	 v_mre: 23.107599	 grad_changes: 0.000000	 time_elapsed: 2.4353
Episode-90: ep_meanFlowTime: 481.074134	 all_loss: 0.069476	 p_loss: 0.339746	 e_loss: 1.242621	 v_loss: 0.138952	 v_mre: 18.091653	 grad_changes: 0.000000	 time_elapsed: 2.4563
Episode-91: ep_meanFlowTime: 392.102013	 all_loss: 0.112024	 p_loss: 0.148289	 e_loss: 1.280884	 v_loss: 0.224048	 v_mre: 71.512517	 grad_changes: 0.000000	 time_elapsed: 2.4764
Episode-92: ep_meanFlowTime: 358.743333	 all_loss: 0.035163	 p_loss: 0.187906	 e_loss: 1.244332	 v_loss: 0.070326	 v_mre: 48.394876	 grad_changes: 0.000000	 time_elapsed: 2.4967
Episode-93: ep_meanFlowTime: 447.216322	 all_loss: 0.060165	 p_loss: -0.279852	 e_loss: 1.173443	 v_loss: 0.120330	 v_mre: 18.424291	 grad_changes: 0.000000	 time_elapsed: 2.5185
Episode-94: ep_meanFlowTime: 409.783191	 all_loss: 0.061716	 p_loss: 0.176871	 e_loss: 1.261177	 v_loss: 0.123433	 v_mre: 24.027607	 grad_changes: 0.000000	 time_elapsed: 2.5394
Episode-95: ep_meanFlowTime: 376.828699	 all_loss: 0.050193	 p_loss: -0.105883	 e_loss: 1.255004	 v_loss: 0.100385	 v_mre: 28.360845	 grad_changes: 0.000000	 time_elapsed: 2.5590
Episode-96: ep_meanFlowTime: 345.133880	 all_loss: 0.020519	 p_loss: 0.124292	 e_loss: 1.169632	 v_loss: 0.041038	 v_mre: 14.573943	 grad_changes: 0.000000	 time_elapsed: 2.5796
Episode-97: ep_meanFlowTime: 671.138916	 all_loss: 0.184640	 p_loss: -0.913143	 e_loss: 1.219053	 v_loss: 0.369279	 v_mre: 22.589068	 grad_changes: 0.000000	 time_elapsed: 2.6016
Episode-98: ep_meanFlowTime: 377.903848	 all_loss: 0.079145	 p_loss: 0.813673	 e_loss: 1.245934	 v_loss: 0.158289	 v_mre: 32.406730	 grad_changes: 0.000000	 time_elapsed: 2.6218
Episode-99: ep_meanFlowTime: 292.192444	 all_loss: 0.053195	 p_loss: -0.112188	 e_loss: 1.247610	 v_loss: 0.106390	 v_mre: 33.254015	 grad_changes: 0.000000	 time_elapsed: 2.6405
Episode-100: ep_meanFlowTime: 259.731258	 all_loss: 0.047291	 p_loss: 0.084362	 e_loss: 1.258117	 v_loss: 0.094582	 v_mre: 140.402129	 grad_changes: 0.000000	 time_elapsed: 2.6599
Vlidation at update-100: mean_flowtime_deterministic: 421.007858+/-68.341115	 mean_Entropy: 1.293123+/-0.046700	 record: 421.007858	 time_elapsed: 2.7725
Episode-101: ep_meanFlowTime: 388.431814	 all_loss: 0.069427	 p_loss: -0.225587	 e_loss: 1.240341	 v_loss: 0.138854	 v_mre: 27.667427	 grad_changes: 0.000000	 time_elapsed: 2.7927
Episode-102: ep_meanFlowTime: 421.797046	 all_loss: 0.065998	 p_loss: -0.147104	 e_loss: 1.177033	 v_loss: 0.131996	 v_mre: 22.519100	 grad_changes: 0.000000	 time_elapsed: 2.8138
Episode-103: ep_meanFlowTime: 261.853116	 all_loss: 0.028922	 p_loss: 0.138629	 e_loss: 1.241786	 v_loss: 0.057843	 v_mre: 172.645060	 grad_changes: 0.000000	 time_elapsed: 2.8326
Episode-104: ep_meanFlowTime: 420.934588	 all_loss: 0.056642	 p_loss: -0.382769	 e_loss: 1.216687	 v_loss: 0.113283	 v_mre: 20.641160	 grad_changes: 0.000000	 time_elapsed: 2.8529
Episode-105: ep_meanFlowTime: 483.749705	 all_loss: 0.106968	 p_loss: -0.014202	 e_loss: 1.221283	 v_loss: 0.213936	 v_mre: 25.597243	 grad_changes: 0.000000	 time_elapsed: 2.8731
Episode-106: ep_meanFlowTime: 379.975326	 all_loss: 0.075486	 p_loss: 0.086200	 e_loss: 1.248175	 v_loss: 0.150972	 v_mre: 25.045664	 grad_changes: 0.000000	 time_elapsed: 2.8939
Episode-107: ep_meanFlowTime: 517.288033	 all_loss: 0.117251	 p_loss: 0.074500	 e_loss: 1.277768	 v_loss: 0.234503	 v_mre: 176.744519	 grad_changes: 0.000000	 time_elapsed: 2.9150
Episode-108: ep_meanFlowTime: 448.191484	 all_loss: 0.079394	 p_loss: -0.065063	 e_loss: 1.197910	 v_loss: 0.158787	 v_mre: 170.252089	 grad_changes: 0.000000	 time_elapsed: 2.9362
Episode-109: ep_meanFlowTime: 316.545498	 all_loss: 0.075306	 p_loss: 0.049868	 e_loss: 1.303175	 v_loss: 0.150611	 v_mre: 34.208348	 grad_changes: 0.000000	 time_elapsed: 2.9548
Episode-110: ep_meanFlowTime: 449.515017	 all_loss: 0.062908	 p_loss: -0.188971	 e_loss: 1.210728	 v_loss: 0.125817	 v_mre: 25.141371	 grad_changes: 0.000000	 time_elapsed: 2.9751
Episode-111: ep_meanFlowTime: 503.093811	 all_loss: 0.170464	 p_loss: 0.291663	 e_loss: 1.201090	 v_loss: 0.340929	 v_mre: 30.277838	 grad_changes: 0.000000	 time_elapsed: 2.9989
Episode-112: ep_meanFlowTime: 344.723421	 all_loss: 0.055756	 p_loss: 0.091717	 e_loss: 1.237135	 v_loss: 0.111513	 v_mre: 180.232052	 grad_changes: 0.000000	 time_elapsed: 3.0174
Episode-113: ep_meanFlowTime: 319.659177	 all_loss: 0.096348	 p_loss: -0.047679	 e_loss: 1.287154	 v_loss: 0.192696	 v_mre: 91.127512	 grad_changes: 0.000000	 time_elapsed: 3.0365
Episode-114: ep_meanFlowTime: 458.648448	 all_loss: 0.118543	 p_loss: -0.302964	 e_loss: 1.307976	 v_loss: 0.237086	 v_mre: 35.209305	 grad_changes: 0.000000	 time_elapsed: 3.0568
Episode-115: ep_meanFlowTime: 615.106484	 all_loss: 0.155088	 p_loss: -0.225873	 e_loss: 1.229681	 v_loss: 0.310176	 v_mre: 25.095818	 grad_changes: 0.000000	 time_elapsed: 3.0799
Episode-116: ep_meanFlowTime: 330.757510	 all_loss: 0.051677	 p_loss: 0.409712	 e_loss: 1.236070	 v_loss: 0.103354	 v_mre: 38.622555	 grad_changes: 0.000000	 time_elapsed: 3.1002
Episode-117: ep_meanFlowTime: 441.132268	 all_loss: 0.036430	 p_loss: -0.273744	 e_loss: 1.177044	 v_loss: 0.072860	 v_mre: 17.924284	 grad_changes: 0.000000	 time_elapsed: 3.1215
Episode-118: ep_meanFlowTime: 431.654799	 all_loss: 0.087241	 p_loss: -0.045495	 e_loss: 1.307680	 v_loss: 0.174483	 v_mre: 23.444215	 grad_changes: 0.000000	 time_elapsed: 3.1413
Episode-119: ep_meanFlowTime: 381.914407	 all_loss: 0.055555	 p_loss: -0.032274	 e_loss: 1.220473	 v_loss: 0.111109	 v_mre: 27.292662	 grad_changes: 0.000000	 time_elapsed: 3.1623
Episode-120: ep_meanFlowTime: 346.351926	 all_loss: 0.057156	 p_loss: 0.101020	 e_loss: 1.283538	 v_loss: 0.114312	 v_mre: 53.569156	 grad_changes: 0.000000	 time_elapsed: 3.1813
Vlidation at update-120: mean_flowtime_deterministic: 421.007858+/-68.341115	 mean_Entropy: 1.293126+/-0.046704	 record: 421.007858	 time_elapsed: 3.2939
Episode-121: ep_meanFlowTime: 450.908571	 all_loss: 0.051039	 p_loss: 0.051342	 e_loss: 1.310033	 v_loss: 0.102078	 v_mre: 140.166496	 grad_changes: 0.000000	 time_elapsed: 3.3140
Episode-122: ep_meanFlowTime: 326.798993	 all_loss: 0.058615	 p_loss: 0.416542	 e_loss: 1.289671	 v_loss: 0.117231	 v_mre: 48.002531	 grad_changes: 0.000000	 time_elapsed: 3.3340
Episode-123: ep_meanFlowTime: 465.723279	 all_loss: 0.105326	 p_loss: -0.128529	 e_loss: 1.265761	 v_loss: 0.210652	 v_mre: 25.117924	 grad_changes: 0.000000	 time_elapsed: 3.3555
Episode-124: ep_meanFlowTime: 374.224913	 all_loss: 0.054844	 p_loss: 0.230672	 e_loss: 1.213085	 v_loss: 0.109687	 v_mre: 23.421147	 grad_changes: 0.000000	 time_elapsed: 3.3766
Episode-125: ep_meanFlowTime: 340.617154	 all_loss: 0.027243	 p_loss: -0.072140	 e_loss: 1.240989	 v_loss: 0.054486	 v_mre: 19.455933	 grad_changes: 0.000000	 time_elapsed: 3.3968
Episode-126: ep_meanFlowTime: 349.288536	 all_loss: 0.036219	 p_loss: -0.020404	 e_loss: 1.216619	 v_loss: 0.072439	 v_mre: 20.778395	 grad_changes: 0.000000	 time_elapsed: 3.4169
Episode-127: ep_meanFlowTime: 417.188543	 all_loss: 0.057337	 p_loss: -0.011875	 e_loss: 1.249226	 v_loss: 0.114675	 v_mre: 36.683582	 grad_changes: 0.000000	 time_elapsed: 3.4387
Episode-128: ep_meanFlowTime: 500.282302	 all_loss: 0.065638	 p_loss: -0.036083	 e_loss: 1.163755	 v_loss: 0.131275	 v_mre: 20.863821	 grad_changes: 0.000000	 time_elapsed: 3.4603
Episode-129: ep_meanFlowTime: 418.051955	 all_loss: 0.045792	 p_loss: -0.119841	 e_loss: 1.277754	 v_loss: 0.091584	 v_mre: 17.837998	 grad_changes: 0.000000	 time_elapsed: 3.4815
Episode-130: ep_meanFlowTime: 395.158298	 all_loss: 0.049500	 p_loss: 0.057885	 e_loss: 1.265763	 v_loss: 0.099000	 v_mre: 43.331802	 grad_changes: 0.000000	 time_elapsed: 3.5022
Episode-131: ep_meanFlowTime: 427.030159	 all_loss: 0.079976	 p_loss: -0.029154	 e_loss: 1.173819	 v_loss: 0.159952	 v_mre: 27.317224	 grad_changes: 0.000000	 time_elapsed: 3.5250
Episode-132: ep_meanFlowTime: 408.842567	 all_loss: 0.046981	 p_loss: -0.001588	 e_loss: 1.296235	 v_loss: 0.093961	 v_mre: 19.348667	 grad_changes: 0.000000	 time_elapsed: 3.5457
Episode-133: ep_meanFlowTime: 379.771463	 all_loss: 0.035751	 p_loss: 0.047985	 e_loss: 1.225100	 v_loss: 0.071501	 v_mre: 26.446547	 grad_changes: 0.000000	 time_elapsed: 3.5660
Episode-134: ep_meanFlowTime: 380.521139	 all_loss: 0.055255	 p_loss: -0.207805	 e_loss: 1.283069	 v_loss: 0.110510	 v_mre: 25.982356	 grad_changes: 0.000000	 time_elapsed: 3.5858
Episode-135: ep_meanFlowTime: 523.946294	 all_loss: 0.098535	 p_loss: -0.091005	 e_loss: 1.231307	 v_loss: 0.197070	 v_mre: 17.457360	 grad_changes: 0.000000	 time_elapsed: 3.6074
Episode-136: ep_meanFlowTime: 292.530322	 all_loss: 0.094278	 p_loss: 0.335334	 e_loss: 1.271508	 v_loss: 0.188556	 v_mre: 45.823121	 grad_changes: 0.000000	 time_elapsed: 3.6278
Episode-137: ep_meanFlowTime: 374.642555	 all_loss: 0.074882	 p_loss: -0.157167	 e_loss: 1.265683	 v_loss: 0.149764	 v_mre: 41.128736	 grad_changes: 0.000000	 time_elapsed: 3.6486
Episode-138: ep_meanFlowTime: 374.508277	 all_loss: 0.039672	 p_loss: -0.235766	 e_loss: 1.241024	 v_loss: 0.079344	 v_mre: 30.638113	 grad_changes: 0.000000	 time_elapsed: 3.6688
Episode-139: ep_meanFlowTime: 383.217926	 all_loss: 0.030380	 p_loss: 0.031803	 e_loss: 1.310651	 v_loss: 0.060760	 v_mre: 21.595406	 grad_changes: 0.000000	 time_elapsed: 3.6883
Episode-140: ep_meanFlowTime: 332.347662	 all_loss: 0.042267	 p_loss: 0.389844	 e_loss: 1.261273	 v_loss: 0.084533	 v_mre: 103.118666	 grad_changes: 0.000000	 time_elapsed: 3.7096
Vlidation at update-140: mean_flowtime_deterministic: 421.007858+/-68.341115	 mean_Entropy: 1.293117+/-0.046703	 record: 421.007858	 time_elapsed: 3.8219
Episode-141: ep_meanFlowTime: 270.086692	 all_loss: 0.028513	 p_loss: -0.322697	 e_loss: 1.179731	 v_loss: 0.057025	 v_mre: 27.567077	 grad_changes: 0.000000	 time_elapsed: 3.8419
Episode-142: ep_meanFlowTime: 456.129974	 all_loss: 0.087609	 p_loss: -0.485126	 e_loss: 1.213575	 v_loss: 0.175218	 v_mre: 22.607583	 grad_changes: 0.000000	 time_elapsed: 3.8627
Episode-143: ep_meanFlowTime: 442.823864	 all_loss: 0.049293	 p_loss: 0.043390	 e_loss: 1.192930	 v_loss: 0.098585	 v_mre: 19.420638	 grad_changes: 0.000000	 time_elapsed: 3.8835
Episode-144: ep_meanFlowTime: 352.540511	 all_loss: 0.028207	 p_loss: 0.096979	 e_loss: 1.190121	 v_loss: 0.056414	 v_mre: 18.239131	 grad_changes: 0.000000	 time_elapsed: 3.9043
Episode-145: ep_meanFlowTime: 217.736696	 all_loss: 0.049543	 p_loss: 0.387717	 e_loss: 1.270999	 v_loss: 0.099086	 v_mre: 69.176655	 grad_changes: 0.000000	 time_elapsed: 3.9249
Episode-146: ep_meanFlowTime: 381.968236	 all_loss: 0.071520	 p_loss: -0.502175	 e_loss: 1.245759	 v_loss: 0.143040	 v_mre: 73.629340	 grad_changes: 0.000000	 time_elapsed: 3.9451
Episode-147: ep_meanFlowTime: 428.977830	 all_loss: 0.103505	 p_loss: -0.098457	 e_loss: 1.229844	 v_loss: 0.207011	 v_mre: 84.302303	 grad_changes: 0.000000	 time_elapsed: 3.9663
Episode-148: ep_meanFlowTime: 369.671638	 all_loss: 0.116383	 p_loss: 0.154508	 e_loss: 1.242322	 v_loss: 0.232765	 v_mre: 29.164256	 grad_changes: 0.000000	 time_elapsed: 3.9869
Episode-149: ep_meanFlowTime: 250.328540	 all_loss: 0.024899	 p_loss: 0.086485	 e_loss: 1.275902	 v_loss: 0.049798	 v_mre: 38.562733	 grad_changes: 0.000000	 time_elapsed: 4.0072
Episode-150: ep_meanFlowTime: 288.259380	 all_loss: 0.039054	 p_loss: -0.094190	 e_loss: 1.284597	 v_loss: 0.078108	 v_mre: 61.414459	 grad_changes: 0.000000	 time_elapsed: 4.0262
Episode-151: ep_meanFlowTime: 425.703582	 all_loss: 0.045964	 p_loss: -0.264013	 e_loss: 1.238958	 v_loss: 0.091929	 v_mre: 240.178245	 grad_changes: 0.000000	 time_elapsed: 4.0471
Episode-152: ep_meanFlowTime: 442.204798	 all_loss: 0.046067	 p_loss: -0.195779	 e_loss: 1.251063	 v_loss: 0.092133	 v_mre: 19.507211	 grad_changes: 0.000000	 time_elapsed: 4.0661
Episode-153: ep_meanFlowTime: 369.296991	 all_loss: 0.089135	 p_loss: 0.407060	 e_loss: 1.264061	 v_loss: 0.178270	 v_mre: 68.515850	 grad_changes: 0.000000	 time_elapsed: 4.0871
Episode-154: ep_meanFlowTime: 404.400830	 all_loss: 0.032688	 p_loss: -0.136337	 e_loss: 1.218588	 v_loss: 0.065377	 v_mre: 19.117179	 grad_changes: 0.000000	 time_elapsed: 4.1076
Episode-155: ep_meanFlowTime: 361.012492	 all_loss: 0.059782	 p_loss: 0.006642	 e_loss: 1.295947	 v_loss: 0.119564	 v_mre: 24.887657	 grad_changes: 0.000000	 time_elapsed: 4.1275
Episode-156: ep_meanFlowTime: 610.626949	 all_loss: 0.109733	 p_loss: -0.081189	 e_loss: 1.227075	 v_loss: 0.219467	 v_mre: 27.489865	 grad_changes: 0.000000	 time_elapsed: 4.1502
Episode-157: ep_meanFlowTime: 519.968901	 all_loss: 0.097825	 p_loss: 0.043038	 e_loss: 1.234135	 v_loss: 0.195650	 v_mre: 22.397548	 grad_changes: 0.000000	 time_elapsed: 4.1709
Episode-158: ep_meanFlowTime: 249.356175	 all_loss: 0.027420	 p_loss: 0.381754	 e_loss: 1.298243	 v_loss: 0.054841	 v_mre: 25.710230	 grad_changes: 0.000000	 time_elapsed: 4.1895
Episode-159: ep_meanFlowTime: 403.238501	 all_loss: 0.050316	 p_loss: -0.415680	 e_loss: 1.270687	 v_loss: 0.100632	 v_mre: 17.692213	 grad_changes: 0.000000	 time_elapsed: 4.2097
Episode-160: ep_meanFlowTime: 529.119764	 all_loss: 0.142974	 p_loss: -0.178187	 e_loss: 1.130220	 v_loss: 0.285947	 v_mre: 53.583936	 grad_changes: 0.000000	 time_elapsed: 4.2351
Vlidation at update-160: mean_flowtime_deterministic: 421.007858+/-68.341115	 mean_Entropy: 1.293119+/-0.046699	 record: 421.007858	 time_elapsed: 4.3471
Episode-161: ep_meanFlowTime: 391.901861	 all_loss: 0.045936	 p_loss: -0.211244	 e_loss: 1.227728	 v_loss: 0.091873	 v_mre: 21.189484	 grad_changes: 0.000000	 time_elapsed: 4.3680
Episode-162: ep_meanFlowTime: 334.059994	 all_loss: 0.044789	 p_loss: 0.147891	 e_loss: 1.219200	 v_loss: 0.089578	 v_mre: 177.865962	 grad_changes: 0.000000	 time_elapsed: 4.3887
Episode-163: ep_meanFlowTime: 542.003938	 all_loss: 0.075185	 p_loss: -0.422333	 e_loss: 1.216965	 v_loss: 0.150370	 v_mre: 19.012686	 grad_changes: 0.000000	 time_elapsed: 4.4118
Episode-164: ep_meanFlowTime: 305.693991	 all_loss: 0.051629	 p_loss: 0.455524	 e_loss: 1.298255	 v_loss: 0.103259	 v_mre: 115.465187	 grad_changes: 0.000000	 time_elapsed: 4.4323
Episode-165: ep_meanFlowTime: 448.455111	 all_loss: 0.094489	 p_loss: -0.276157	 e_loss: 1.218748	 v_loss: 0.188978	 v_mre: 26.049343	 grad_changes: 0.000000	 time_elapsed: 4.4539
Episode-166: ep_meanFlowTime: 498.319707	 all_loss: 0.044612	 p_loss: -0.089107	 e_loss: 1.267576	 v_loss: 0.089224	 v_mre: 19.014402	 grad_changes: 0.000000	 time_elapsed: 4.4746
Episode-167: ep_meanFlowTime: 460.563173	 all_loss: 0.059602	 p_loss: -0.107070	 e_loss: 1.243831	 v_loss: 0.119204	 v_mre: 29.851038	 grad_changes: 0.000000	 time_elapsed: 4.4948
Episode-168: ep_meanFlowTime: 489.571320	 all_loss: 0.075311	 p_loss: 0.157105	 e_loss: 1.245302	 v_loss: 0.150622	 v_mre: 20.057905	 grad_changes: 0.000000	 time_elapsed: 4.5157
Episode-169: ep_meanFlowTime: 379.867284	 all_loss: 0.057664	 p_loss: 0.264995	 e_loss: 1.245089	 v_loss: 0.115327	 v_mre: 22.501876	 grad_changes: 0.000000	 time_elapsed: 4.5361
Episode-170: ep_meanFlowTime: 525.665520	 all_loss: 0.119046	 p_loss: -0.290313	 e_loss: 1.233699	 v_loss: 0.238092	 v_mre: 28.188105	 grad_changes: 0.000000	 time_elapsed: 4.5569
Episode-171: ep_meanFlowTime: 450.055530	 all_loss: 0.080361	 p_loss: -0.261309	 e_loss: 1.240145	 v_loss: 0.160722	 v_mre: 24.988911	 grad_changes: 0.000000	 time_elapsed: 4.5769
Episode-172: ep_meanFlowTime: 635.412132	 all_loss: 0.078784	 p_loss: -0.302852	 e_loss: 1.185201	 v_loss: 0.157567	 v_mre: 16.357096	 grad_changes: 0.000000	 time_elapsed: 4.5996
Episode-173: ep_meanFlowTime: 375.830312	 all_loss: 0.052725	 p_loss: 0.469841	 e_loss: 1.237965	 v_loss: 0.105450	 v_mre: 127.085317	 grad_changes: 0.000000	 time_elapsed: 4.6195
Episode-174: ep_meanFlowTime: 421.356093	 all_loss: 0.081759	 p_loss: 0.059649	 e_loss: 1.279969	 v_loss: 0.163518	 v_mre: 32.282138	 grad_changes: 0.000000	 time_elapsed: 4.6404
Episode-175: ep_meanFlowTime: 325.568132	 all_loss: 0.031476	 p_loss: 0.192023	 e_loss: 1.264613	 v_loss: 0.062951	 v_mre: 29.521810	 grad_changes: 0.000000	 time_elapsed: 4.6601
Episode-176: ep_meanFlowTime: 499.673604	 all_loss: 0.044679	 p_loss: -0.255069	 e_loss: 1.221860	 v_loss: 0.089357	 v_mre: 15.050413	 grad_changes: 0.000000	 time_elapsed: 4.6809
Episode-177: ep_meanFlowTime: 381.706998	 all_loss: 0.037708	 p_loss: 0.030304	 e_loss: 1.271586	 v_loss: 0.075416	 v_mre: 19.983523	 grad_changes: 0.000000	 time_elapsed: 4.7006
Episode-178: ep_meanFlowTime: 374.715114	 all_loss: 0.030007	 p_loss: -0.007931	 e_loss: 1.174513	 v_loss: 0.060015	 v_mre: 18.521805	 grad_changes: 0.000000	 time_elapsed: 4.7204
Episode-179: ep_meanFlowTime: 291.496860	 all_loss: 0.050513	 p_loss: 0.312792	 e_loss: 1.273444	 v_loss: 0.101026	 v_mre: 121.056030	 grad_changes: 0.000000	 time_elapsed: 4.7408
Episode-180: ep_meanFlowTime: 454.454222	 all_loss: 0.101355	 p_loss: -0.406475	 e_loss: 1.279778	 v_loss: 0.202711	 v_mre: 30.981880	 grad_changes: 0.000000	 time_elapsed: 4.7598
Vlidation at update-180: mean_flowtime_deterministic: 421.007858+/-68.341115	 mean_Entropy: 1.293122+/-0.046700	 record: 421.007858	 time_elapsed: 4.8722
Episode-181: ep_meanFlowTime: 314.329961	 all_loss: 0.036866	 p_loss: 0.335875	 e_loss: 1.303204	 v_loss: 0.073731	 v_mre: 42.142555	 grad_changes: 0.000000	 time_elapsed: 4.8912
Episode-182: ep_meanFlowTime: 325.621681	 all_loss: 0.030392	 p_loss: 0.102229	 e_loss: 1.318944	 v_loss: 0.060784	 v_mre: 53.809335	 grad_changes: 0.000000	 time_elapsed: 4.9104
Episode-183: ep_meanFlowTime: 442.656308	 all_loss: 0.094486	 p_loss: -0.388666	 e_loss: 1.315554	 v_loss: 0.188972	 v_mre: 29.146550	 grad_changes: 0.000000	 time_elapsed: 4.9307
Episode-184: ep_meanFlowTime: 395.805391	 all_loss: 0.040794	 p_loss: 0.040250	 e_loss: 1.203024	 v_loss: 0.081587	 v_mre: 21.978743	 grad_changes: 0.000000	 time_elapsed: 4.9511
Episode-185: ep_meanFlowTime: 410.886728	 all_loss: 0.041311	 p_loss: 0.087512	 e_loss: 1.280035	 v_loss: 0.082622	 v_mre: 17.117246	 grad_changes: 0.000000	 time_elapsed: 4.9708
Episode-186: ep_meanFlowTime: 311.462069	 all_loss: 0.022603	 p_loss: 0.063973	 e_loss: 1.219242	 v_loss: 0.045207	 v_mre: 19.980286	 grad_changes: 0.000000	 time_elapsed: 4.9907
Episode-187: ep_meanFlowTime: 484.749206	 all_loss: 0.081017	 p_loss: -0.284663	 e_loss: 1.193188	 v_loss: 0.162035	 v_mre: 41.576064	 grad_changes: 0.000000	 time_elapsed: 5.0135
Episode-188: ep_meanFlowTime: 472.199896	 all_loss: 0.064602	 p_loss: 0.043209	 e_loss: 1.217034	 v_loss: 0.129205	 v_mre: 21.170782	 grad_changes: 0.000000	 time_elapsed: 5.0342
Episode-189: ep_meanFlowTime: 377.232289	 all_loss: 0.036086	 p_loss: 0.234121	 e_loss: 1.230827	 v_loss: 0.072171	 v_mre: 147.240859	 grad_changes: 0.000000	 time_elapsed: 5.0549
Episode-190: ep_meanFlowTime: 359.670047	 all_loss: 0.023636	 p_loss: -0.132035	 e_loss: 1.286831	 v_loss: 0.047272	 v_mre: 19.587234	 grad_changes: 0.000000	 time_elapsed: 5.0752
Episode-191: ep_meanFlowTime: 389.439755	 all_loss: 0.047230	 p_loss: -0.129738	 e_loss: 1.282795	 v_loss: 0.094461	 v_mre: 25.462034	 grad_changes: 0.000000	 time_elapsed: 5.0946
Episode-192: ep_meanFlowTime: 461.433463	 all_loss: 0.038028	 p_loss: 0.060760	 e_loss: 1.249391	 v_loss: 0.076056	 v_mre: 16.907557	 grad_changes: 0.000000	 time_elapsed: 5.1149
Episode-193: ep_meanFlowTime: 335.498986	 all_loss: 0.062034	 p_loss: 0.001518	 e_loss: 1.235931	 v_loss: 0.124067	 v_mre: 29.052059	 grad_changes: 0.000000	 time_elapsed: 5.1346
Episode-194: ep_meanFlowTime: 330.150352	 all_loss: 0.047883	 p_loss: 0.183993	 e_loss: 1.293805	 v_loss: 0.095767	 v_mre: 126.632636	 grad_changes: 0.000000	 time_elapsed: 5.1545
Episode-195: ep_meanFlowTime: 426.320887	 all_loss: 0.052935	 p_loss: 0.132648	 e_loss: 1.232857	 v_loss: 0.105870	 v_mre: 20.597603	 grad_changes: 0.000000	 time_elapsed: 5.1760
Episode-196: ep_meanFlowTime: 339.934158	 all_loss: 0.051686	 p_loss: 0.238060	 e_loss: 1.243967	 v_loss: 0.103371	 v_mre: 81.557291	 grad_changes: 0.000000	 time_elapsed: 5.1974
Episode-197: ep_meanFlowTime: 278.116315	 all_loss: 0.057566	 p_loss: -0.340040	 e_loss: 1.274199	 v_loss: 0.115132	 v_mre: 84.621891	 grad_changes: 0.000000	 time_elapsed: 5.2157
Episode-198: ep_meanFlowTime: 273.001249	 all_loss: 0.023817	 p_loss: 0.005096	 e_loss: 1.276510	 v_loss: 0.047633	 v_mre: 21.018284	 grad_changes: 0.000000	 time_elapsed: 5.2343
Episode-199: ep_meanFlowTime: 428.599816	 all_loss: 0.050526	 p_loss: -0.391080	 e_loss: 1.252020	 v_loss: 0.101052	 v_mre: 17.570383	 grad_changes: 0.000000	 time_elapsed: 5.2540
Episode-200: ep_meanFlowTime: 466.313523	 all_loss: 0.062962	 p_loss: 0.187132	 e_loss: 1.264880	 v_loss: 0.125924	 v_mre: 21.696868	 grad_changes: 0.000000	 time_elapsed: 5.2759
Vlidation at update-200: mean_flowtime_deterministic: 421.007858+/-68.341115	 mean_Entropy: 1.293119+/-0.046695	 record: 421.007858	 time_elapsed: 5.3879
Episode-201: ep_meanFlowTime: 371.611789	 all_loss: 0.016912	 p_loss: 0.021148	 e_loss: 1.280852	 v_loss: 0.076119	 v_mre: 16.427144	 grad_changes: 0.036052	 time_elapsed: 5.4084
Episode-202: ep_meanFlowTime: 439.148289	 all_loss: 0.488896	 p_loss: -0.351255	 e_loss: 1.329221	 v_loss: 0.275281	 v_mre: 40.554776	 grad_changes: 0.061538	 time_elapsed: 5.4290
Episode-203: ep_meanFlowTime: 604.314486	 all_loss: 0.755120	 p_loss: -0.671644	 e_loss: 1.525644	 v_loss: 0.166951	 v_mre: 17.977689	 grad_changes: 0.066112	 time_elapsed: 5.4491
Episode-204: ep_meanFlowTime: 548.375867	 all_loss: -0.227120	 p_loss: 0.336753	 e_loss: 1.592753	 v_loss: 0.219266	 v_mre: 85.543969	 grad_changes: 0.041662	 time_elapsed: 5.4711
Episode-205: ep_meanFlowTime: 429.378463	 all_loss: 0.062883	 p_loss: -0.001316	 e_loss: 1.496286	 v_loss: 0.123135	 v_mre: 21.616501	 grad_changes: 0.022803	 time_elapsed: 5.4918
Episode-206: ep_meanFlowTime: 461.152027	 all_loss: 0.361828	 p_loss: -0.317453	 e_loss: 1.474247	 v_loss: 0.088750	 v_mre: 19.380173	 grad_changes: 0.045705	 time_elapsed: 5.5113
Episode-207: ep_meanFlowTime: 378.233999	 all_loss: -0.286923	 p_loss: 0.376166	 e_loss: 1.447825	 v_loss: 0.178487	 v_mre: 58.890709	 grad_changes: 0.036556	 time_elapsed: 5.5314
Episode-208: ep_meanFlowTime: 450.017036	 all_loss: 0.061865	 p_loss: 0.002791	 e_loss: 1.482636	 v_loss: 0.129311	 v_mre: 19.627417	 grad_changes: 0.038352	 time_elapsed: 5.5523
Episode-209: ep_meanFlowTime: 518.687884	 all_loss: 0.326516	 p_loss: -0.254631	 e_loss: 1.466511	 v_loss: 0.143770	 v_mre: 61.286332	 grad_changes: 0.033960	 time_elapsed: 5.5735
Episode-210: ep_meanFlowTime: 451.144655	 all_loss: -0.105827	 p_loss: 0.166454	 e_loss: 1.419579	 v_loss: 0.121254	 v_mre: 28.199201	 grad_changes: 0.028133	 time_elapsed: 5.5935
Episode-211: ep_meanFlowTime: 391.343604	 all_loss: 0.027828	 p_loss: 0.009990	 e_loss: 1.355399	 v_loss: 0.075635	 v_mre: 19.128480	 grad_changes: 0.020355	 time_elapsed: 5.6133
Episode-212: ep_meanFlowTime: 287.572181	 all_loss: -0.132290	 p_loss: 0.165219	 e_loss: 1.325094	 v_loss: 0.065859	 v_mre: 110.511724	 grad_changes: 0.016144	 time_elapsed: 5.6321
Episode-213: ep_meanFlowTime: 386.520796	 all_loss: 0.290179	 p_loss: -0.231245	 e_loss: 1.290930	 v_loss: 0.117868	 v_mre: 32.543562	 grad_changes: 0.029005	 time_elapsed: 5.6522
Episode-214: ep_meanFlowTime: 382.169267	 all_loss: -0.137205	 p_loss: 0.160406	 e_loss: 1.305496	 v_loss: 0.046403	 v_mre: 14.074196	 grad_changes: 0.018258	 time_elapsed: 5.6727
Episode-215: ep_meanFlowTime: 330.284934	 all_loss: -0.051466	 p_loss: 0.099697	 e_loss: 1.197210	 v_loss: 0.096462	 v_mre: 28.400663	 grad_changes: 0.019658	 time_elapsed: 5.6928
Episode-216: ep_meanFlowTime: 343.389378	 all_loss: 0.140597	 p_loss: -0.098624	 e_loss: 1.247368	 v_loss: 0.083945	 v_mre: 21.993995	 grad_changes: 0.025938	 time_elapsed: 5.7126
Episode-217: ep_meanFlowTime: 594.038970	 all_loss: 0.422948	 p_loss: -0.315290	 e_loss: 1.196347	 v_loss: 0.215317	 v_mre: 20.041465	 grad_changes: 0.043439	 time_elapsed: 5.7349
Episode-218: ep_meanFlowTime: 283.374032	 all_loss: -0.458406	 p_loss: 0.499949	 e_loss: 1.166179	 v_loss: 0.083086	 v_mre: 55.676376	 grad_changes: 0.028712	 time_elapsed: 5.7543
Episode-219: ep_meanFlowTime: 447.492137	 all_loss: 0.268704	 p_loss: -0.182061	 e_loss: 1.201059	 v_loss: 0.173287	 v_mre: 22.577336	 grad_changes: 0.034697	 time_elapsed: 5.7764
Episode-220: ep_meanFlowTime: 349.606958	 all_loss: 0.297318	 p_loss: -0.237813	 e_loss: 1.361432	 v_loss: 0.119009	 v_mre: 28.181655	 grad_changes: 0.032595	 time_elapsed: 5.7954
Vlidation at update-220: mean_flowtime_deterministic: 423.394023+/-72.797217	 mean_Entropy: 1.376085+/-0.031780	 record: 421.007858	 time_elapsed: 5.9077
Episode-221: ep_meanFlowTime: 346.052309	 all_loss: 0.155121	 p_loss: -0.070070	 e_loss: 1.320296	 v_loss: 0.170101	 v_mre: 83.636876	 grad_changes: 0.033348	 time_elapsed: 5.9270
Episode-222: ep_meanFlowTime: 211.235003	 all_loss: -0.223069	 p_loss: 0.258382	 e_loss: 1.328776	 v_loss: 0.070626	 v_mre: 44.714721	 grad_changes: 0.027435	 time_elapsed: 5.9463
Episode-223: ep_meanFlowTime: 343.064602	 all_loss: 0.289948	 p_loss: -0.238159	 e_loss: 1.335432	 v_loss: 0.103579	 v_mre: 228.829568	 grad_changes: 0.027540	 time_elapsed: 5.9656
Episode-224: ep_meanFlowTime: 439.496722	 all_loss: 0.027508	 p_loss: 0.031851	 e_loss: 1.334776	 v_loss: 0.118718	 v_mre: 49.242873	 grad_changes: 0.035055	 time_elapsed: 5.9869
Episode-225: ep_meanFlowTime: 505.929094	 all_loss: 0.293010	 p_loss: -0.236579	 e_loss: 1.352830	 v_loss: 0.112862	 v_mre: 17.296102	 grad_changes: 0.032426	 time_elapsed: 6.0075
Episode-226: ep_meanFlowTime: 460.767946	 all_loss: 0.133008	 p_loss: -0.066953	 e_loss: 1.396228	 v_loss: 0.132109	 v_mre: 20.924797	 grad_changes: 0.030042	 time_elapsed: 6.0266
Episode-227: ep_meanFlowTime: 563.275556	 all_loss: 0.303323	 p_loss: -0.132704	 e_loss: 1.388912	 v_loss: 0.341238	 v_mre: 23.465146	 grad_changes: 0.051013	 time_elapsed: 6.0474
Episode-228: ep_meanFlowTime: 459.372434	 all_loss: -0.030574	 p_loss: 0.076719	 e_loss: 1.348491	 v_loss: 0.092291	 v_mre: 17.144230	 grad_changes: 0.027230	 time_elapsed: 6.0681
Episode-229: ep_meanFlowTime: 445.446522	 all_loss: -0.174832	 p_loss: 0.221403	 e_loss: 1.283978	 v_loss: 0.093144	 v_mre: 17.406086	 grad_changes: 0.028342	 time_elapsed: 6.0891
Episode-230: ep_meanFlowTime: 394.912349	 all_loss: 0.196194	 p_loss: -0.150813	 e_loss: 1.262231	 v_loss: 0.090763	 v_mre: 18.723229	 grad_changes: 0.026623	 time_elapsed: 6.1091
Episode-231: ep_meanFlowTime: 370.575926	 all_loss: 0.053510	 p_loss: -0.014034	 e_loss: 1.231113	 v_loss: 0.078952	 v_mre: 22.739061	 grad_changes: 0.024810	 time_elapsed: 6.1285
Episode-232: ep_meanFlowTime: 279.340465	 all_loss: -0.102547	 p_loss: 0.156265	 e_loss: 1.181558	 v_loss: 0.107437	 v_mre: 159.582376	 grad_changes: 0.029948	 time_elapsed: 6.1486
Episode-233: ep_meanFlowTime: 274.765047	 all_loss: 0.043460	 p_loss: -0.006122	 e_loss: 1.287460	 v_loss: 0.074676	 v_mre: 28.985276	 grad_changes: 0.025961	 time_elapsed: 6.1678
Episode-234: ep_meanFlowTime: 621.754343	 all_loss: 0.762133	 p_loss: -0.673063	 e_loss: 1.292088	 v_loss: 0.178139	 v_mre: 19.206357	 grad_changes: 0.065481	 time_elapsed: 6.1887
Episode-235: ep_meanFlowTime: 329.594315	 all_loss: -0.381306	 p_loss: 0.411818	 e_loss: 1.264933	 v_loss: 0.061024	 v_mre: 18.650787	 grad_changes: 0.038807	 time_elapsed: 6.2081
Episode-236: ep_meanFlowTime: 730.266276	 all_loss: 0.886771	 p_loss: -0.727118	 e_loss: 1.305821	 v_loss: 0.319306	 v_mre: 17.888475	 grad_changes: 0.074647	 time_elapsed: 6.2316
Episode-237: ep_meanFlowTime: 473.749955	 all_loss: -0.195900	 p_loss: 0.284005	 e_loss: 1.230009	 v_loss: 0.176209	 v_mre: 36.186988	 grad_changes: 0.042146	 time_elapsed: 6.2526
Episode-238: ep_meanFlowTime: 422.248919	 all_loss: 0.192186	 p_loss: -0.143315	 e_loss: 1.300438	 v_loss: 0.097741	 v_mre: 37.764249	 grad_changes: 0.031015	 time_elapsed: 6.2715
Episode-239: ep_meanFlowTime: 461.110909	 all_loss: -0.198054	 p_loss: 0.239411	 e_loss: 1.246992	 v_loss: 0.082714	 v_mre: 16.803775	 grad_changes: 0.029843	 time_elapsed: 6.2922
Episode-240: ep_meanFlowTime: 557.026486	 all_loss: 0.393350	 p_loss: -0.168516	 e_loss: 1.169960	 v_loss: 0.449668	 v_mre: 26.000116	 grad_changes: 0.103254	 time_elapsed: 6.3143
Vlidation at update-240: mean_flowtime_deterministic: 450.360088+/-81.445892	 mean_Entropy: 1.359205+/-0.022399	 record: 421.007858	 time_elapsed: 6.4265
Episode-241: ep_meanFlowTime: 301.854241	 all_loss: -0.220573	 p_loss: 0.262858	 e_loss: 1.308453	 v_loss: 0.084570	 v_mre: 22.464520	 grad_changes: 0.030963	 time_elapsed: 6.4458
Episode-242: ep_meanFlowTime: 568.546450	 all_loss: 0.782227	 p_loss: -0.519662	 e_loss: 1.290669	 v_loss: 0.525131	 v_mre: 31.248509	 grad_changes: 0.073962	 time_elapsed: 6.4695
Episode-243: ep_meanFlowTime: 585.322882	 all_loss: 0.750251	 p_loss: -0.406250	 e_loss: 1.381032	 v_loss: 0.688002	 v_mre: 32.410968	 grad_changes: 0.069204	 time_elapsed: 6.4922
Episode-244: ep_meanFlowTime: 354.862265	 all_loss: -0.465053	 p_loss: 0.547779	 e_loss: 1.232707	 v_loss: 0.165452	 v_mre: 160.329148	 grad_changes: 0.052204	 time_elapsed: 6.5109
Episode-245: ep_meanFlowTime: 556.603362	 all_loss: 0.661426	 p_loss: -0.473809	 e_loss: 1.164434	 v_loss: 0.375233	 v_mre: 23.229796	 grad_changes: 0.066742	 time_elapsed: 6.5317
Episode-246: ep_meanFlowTime: 1046.918976	 all_loss: 3.759630	 p_loss: -1.415898	 e_loss: 1.225761	 v_loss: 4.687465	 v_mre: 49.218479	 grad_changes: 0.342087	 time_elapsed: 6.5554
Episode-247: ep_meanFlowTime: 499.389363	 all_loss: -1.720678	 p_loss: 2.714325	 e_loss: 1.151594	 v_loss: 1.987294	 v_mre: 141.927432	 grad_changes: 0.259120	 time_elapsed: 6.5797
Episode-248: ep_meanFlowTime: 391.266637	 all_loss: 0.589293	 p_loss: -0.438979	 e_loss: 1.242457	 v_loss: 0.300628	 v_mre: 32.498499	 grad_changes: 0.080869	 time_elapsed: 6.5996
Episode-249: ep_meanFlowTime: 492.982882	 all_loss: 0.246779	 p_loss: -0.129842	 e_loss: 1.290510	 v_loss: 0.233874	 v_mre: 28.701794	 grad_changes: 0.038114	 time_elapsed: 6.6210
Episode-250: ep_meanFlowTime: 546.918139	 all_loss: 0.397781	 p_loss: -0.215273	 e_loss: 1.234162	 v_loss: 0.365015	 v_mre: 26.477883	 grad_changes: 0.068230	 time_elapsed: 6.6412
Episode-251: ep_meanFlowTime: 361.853908	 all_loss: -0.140503	 p_loss: 0.202221	 e_loss: 1.247055	 v_loss: 0.123437	 v_mre: 32.279403	 grad_changes: 0.035449	 time_elapsed: 6.6598
Episode-252: ep_meanFlowTime: 355.211539	 all_loss: -0.169233	 p_loss: 0.229101	 e_loss: 1.214341	 v_loss: 0.119736	 v_mre: 28.384306	 grad_changes: 0.026180	 time_elapsed: 6.6801
Episode-253: ep_meanFlowTime: 384.090202	 all_loss: 0.323677	 p_loss: -0.191103	 e_loss: 1.187514	 v_loss: 0.265149	 v_mre: 62.339330	 grad_changes: 0.054509	 time_elapsed: 6.7000
Episode-254: ep_meanFlowTime: 363.242779	 all_loss: 0.132251	 p_loss: -0.080781	 e_loss: 1.224015	 v_loss: 0.102940	 v_mre: 22.712279	 grad_changes: 0.035078	 time_elapsed: 6.7191
Episode-255: ep_meanFlowTime: 594.331807	 all_loss: 0.509029	 p_loss: -0.340424	 e_loss: 1.198739	 v_loss: 0.337210	 v_mre: 26.679953	 grad_changes: 0.057184	 time_elapsed: 6.7419
Episode-256: ep_meanFlowTime: 530.912915	 all_loss: 0.575449	 p_loss: -0.341169	 e_loss: 1.224259	 v_loss: 0.468559	 v_mre: 31.060877	 grad_changes: 0.079610	 time_elapsed: 6.7621
Episode-257: ep_meanFlowTime: 373.261446	 all_loss: -0.542479	 p_loss: 0.651652	 e_loss: 1.158597	 v_loss: 0.218347	 v_mre: 31.518850	 grad_changes: 0.053064	 time_elapsed: 6.7828
Episode-258: ep_meanFlowTime: 466.410363	 all_loss: 0.323221	 p_loss: -0.209235	 e_loss: 1.100684	 v_loss: 0.227971	 v_mre: 62.969206	 grad_changes: 0.043473	 time_elapsed: 6.8035
Episode-259: ep_meanFlowTime: 515.856867	 all_loss: 0.396560	 p_loss: -0.165206	 e_loss: 1.070381	 v_loss: 0.462707	 v_mre: 29.468678	 grad_changes: 0.057830	 time_elapsed: 6.8247
Episode-260: ep_meanFlowTime: 460.971006	 all_loss: 0.518891	 p_loss: -0.414107	 e_loss: 1.212915	 v_loss: 0.209567	 v_mre: 23.787205	 grad_changes: 0.057928	 time_elapsed: 6.8450
Vlidation at update-260: mean_flowtime_deterministic: 488.031700+/-115.386607	 mean_Entropy: 1.222887+/-0.036754	 record: 421.007858	 time_elapsed: 6.9580
Episode-261: ep_meanFlowTime: 457.955805	 all_loss: 0.159077	 p_loss: -0.012542	 e_loss: 1.203114	 v_loss: 0.293070	 v_mre: 34.287131	 grad_changes: 0.047816	 time_elapsed: 6.9779
Episode-262: ep_meanFlowTime: 443.908420	 all_loss: -0.043668	 p_loss: 0.115465	 e_loss: 1.221955	 v_loss: 0.143594	 v_mre: 22.871620	 grad_changes: 0.032089	 time_elapsed: 7.0004
Episode-263: ep_meanFlowTime: 353.522115	 all_loss: -0.059686	 p_loss: 0.123524	 e_loss: 1.159786	 v_loss: 0.127677	 v_mre: 83.270522	 grad_changes: 0.023061	 time_elapsed: 7.0201
Episode-264: ep_meanFlowTime: 290.681817	 all_loss: 0.003441	 p_loss: 0.016249	 e_loss: 1.201475	 v_loss: 0.039380	 v_mre: 18.327211	 grad_changes: 0.014115	 time_elapsed: 7.0394
Episode-265: ep_meanFlowTime: 458.251943	 all_loss: 0.573112	 p_loss: -0.509031	 e_loss: 1.276537	 v_loss: 0.128163	 v_mre: 19.309309	 grad_changes: 0.052623	 time_elapsed: 7.0594
Episode-266: ep_meanFlowTime: 545.228547	 all_loss: 0.270207	 p_loss: -0.126871	 e_loss: 1.311373	 v_loss: 0.286673	 v_mre: 26.576661	 grad_changes: 0.044167	 time_elapsed: 7.0812
Episode-267: ep_meanFlowTime: 381.410414	 all_loss: -0.316531	 p_loss: 0.388299	 e_loss: 1.326183	 v_loss: 0.143537	 v_mre: 144.711414	 grad_changes: 0.036546	 time_elapsed: 7.1012
Episode-268: ep_meanFlowTime: 360.679427	 all_loss: -0.006509	 p_loss: 0.058041	 e_loss: 1.243844	 v_loss: 0.103063	 v_mre: 80.695731	 grad_changes: 0.020820	 time_elapsed: 7.1204
Episode-269: ep_meanFlowTime: 509.235183	 all_loss: 0.586182	 p_loss: -0.385330	 e_loss: 1.304256	 v_loss: 0.401703	 v_mre: 35.590428	 grad_changes: 0.065671	 time_elapsed: 7.1422
Episode-270: ep_meanFlowTime: 435.013900	 all_loss: 0.208461	 p_loss: -0.100210	 e_loss: 1.262389	 v_loss: 0.216501	 v_mre: 44.797585	 grad_changes: 0.033513	 time_elapsed: 7.1623
Episode-271: ep_meanFlowTime: 478.052930	 all_loss: -0.213626	 p_loss: 0.308771	 e_loss: 1.206484	 v_loss: 0.190290	 v_mre: 52.169024	 grad_changes: 0.037809	 time_elapsed: 7.1848
Episode-272: ep_meanFlowTime: 559.688226	 all_loss: 0.180023	 p_loss: -0.096065	 e_loss: 1.251743	 v_loss: 0.167916	 v_mre: 20.152198	 grad_changes: 0.033134	 time_elapsed: 7.2057
Episode-273: ep_meanFlowTime: 566.439762	 all_loss: 0.309226	 p_loss: -0.153067	 e_loss: 1.315039	 v_loss: 0.312319	 v_mre: 25.172014	 grad_changes: 0.044641	 time_elapsed: 7.2268
Episode-274: ep_meanFlowTime: 507.314279	 all_loss: 0.104871	 p_loss: -0.055027	 e_loss: 1.296757	 v_loss: 0.099686	 v_mre: 18.021445	 grad_changes: 0.021491	 time_elapsed: 7.2474
Episode-275: ep_meanFlowTime: 317.834183	 all_loss: -0.307353	 p_loss: 0.351719	 e_loss: 1.309005	 v_loss: 0.088732	 v_mre: 25.933606	 grad_changes: 0.026736	 time_elapsed: 7.2668
Episode-276: ep_meanFlowTime: 490.300710	 all_loss: 0.240715	 p_loss: -0.170475	 e_loss: 1.258613	 v_loss: 0.140480	 v_mre: 18.714351	 grad_changes: 0.033315	 time_elapsed: 7.2883
Episode-277: ep_meanFlowTime: 318.376825	 all_loss: -0.033771	 p_loss: 0.101967	 e_loss: 1.276776	 v_loss: 0.136391	 v_mre: 37.387500	 grad_changes: 0.024269	 time_elapsed: 7.3076
Episode-278: ep_meanFlowTime: 432.880689	 all_loss: 0.253327	 p_loss: -0.202589	 e_loss: 1.298546	 v_loss: 0.101475	 v_mre: 19.785735	 grad_changes: 0.028063	 time_elapsed: 7.3274
Episode-279: ep_meanFlowTime: 433.767467	 all_loss: -0.102847	 p_loss: 0.236564	 e_loss: 1.265915	 v_loss: 0.267433	 v_mre: 38.400893	 grad_changes: 0.039634	 time_elapsed: 7.3468
Episode-280: ep_meanFlowTime: 364.304640	 all_loss: -0.038298	 p_loss: 0.095239	 e_loss: 1.281390	 v_loss: 0.113882	 v_mre: 71.748817	 grad_changes: 0.027578	 time_elapsed: 7.3665
Vlidation at update-280: mean_flowtime_deterministic: 441.792134+/-75.104252	 mean_Entropy: 1.378060+/-0.029374	 record: 421.007858	 time_elapsed: 7.4798
Episode-281: ep_meanFlowTime: 522.001964	 all_loss: 0.486516	 p_loss: -0.386401	 e_loss: 1.376902	 v_loss: 0.200229	 v_mre: 68.024998	 grad_changes: 0.046604	 time_elapsed: 7.5016
Episode-282: ep_meanFlowTime: 573.671883	 all_loss: -0.041126	 p_loss: 0.333597	 e_loss: 1.336338	 v_loss: 0.584942	 v_mre: 29.981207	 grad_changes: 0.063991	 time_elapsed: 7.5257
Episode-283: ep_meanFlowTime: 489.530178	 all_loss: 0.168007	 p_loss: -0.026622	 e_loss: 1.351729	 v_loss: 0.282770	 v_mre: 142.917943	 grad_changes: 0.043338	 time_elapsed: 7.5473
Episode-284: ep_meanFlowTime: 365.871918	 all_loss: 0.192211	 p_loss: -0.132856	 e_loss: 1.413974	 v_loss: 0.118710	 v_mre: 180.649263	 grad_changes: 0.024608	 time_elapsed: 7.5668
Episode-285: ep_meanFlowTime: 400.343048	 all_loss: -0.117405	 p_loss: 0.168802	 e_loss: 1.346779	 v_loss: 0.102794	 v_mre: 22.357124	 grad_changes: 0.022272	 time_elapsed: 7.5872
Episode-286: ep_meanFlowTime: 517.847767	 all_loss: 0.380184	 p_loss: -0.252602	 e_loss: 1.344999	 v_loss: 0.255165	 v_mre: 47.266182	 grad_changes: 0.047155	 time_elapsed: 7.6096
Episode-287: ep_meanFlowTime: 280.298190	 all_loss: -0.307787	 p_loss: 0.373601	 e_loss: 1.319625	 v_loss: 0.131627	 v_mre: 34.411864	 grad_changes: 0.033795	 time_elapsed: 7.6297
Episode-288: ep_meanFlowTime: 430.278048	 all_loss: 0.487644	 p_loss: -0.407860	 e_loss: 1.374305	 v_loss: 0.159567	 v_mre: 190.759358	 grad_changes: 0.035349	 time_elapsed: 7.6502
Episode-289: ep_meanFlowTime: 404.867128	 all_loss: -0.030467	 p_loss: 0.131449	 e_loss: 1.342129	 v_loss: 0.201964	 v_mre: 32.749110	 grad_changes: 0.035244	 time_elapsed: 7.6728
Episode-290: ep_meanFlowTime: 458.893138	 all_loss: -0.043762	 p_loss: 0.104234	 e_loss: 1.306153	 v_loss: 0.120943	 v_mre: 15.574769	 grad_changes: 0.026882	 time_elapsed: 7.6932
Episode-291: ep_meanFlowTime: 369.482330	 all_loss: 0.285526	 p_loss: -0.232480	 e_loss: 1.364810	 v_loss: 0.106092	 v_mre: 25.924342	 grad_changes: 0.031708	 time_elapsed: 7.7134
Episode-292: ep_meanFlowTime: 412.075260	 all_loss: -0.137073	 p_loss: 0.242519	 e_loss: 1.276576	 v_loss: 0.210893	 v_mre: 174.876647	 grad_changes: 0.034193	 time_elapsed: 7.7350
Episode-293: ep_meanFlowTime: 388.841539	 all_loss: 0.308031	 p_loss: -0.237699	 e_loss: 1.279798	 v_loss: 0.140663	 v_mre: 29.264184	 grad_changes: 0.031361	 time_elapsed: 7.7550
Episode-294: ep_meanFlowTime: 366.274360	 all_loss: 0.174256	 p_loss: -0.078035	 e_loss: 1.261615	 v_loss: 0.192442	 v_mre: 31.956279	 grad_changes: 0.033133	 time_elapsed: 7.7749
Episode-295: ep_meanFlowTime: 416.316659	 all_loss: 0.053860	 p_loss: 0.007629	 e_loss: 1.291437	 v_loss: 0.122978	 v_mre: 21.502636	 grad_changes: 0.021424	 time_elapsed: 7.7955
Episode-296: ep_meanFlowTime: 270.599970	 all_loss: -0.192810	 p_loss: 0.238019	 e_loss: 1.202428	 v_loss: 0.090419	 v_mre: 38.836476	 grad_changes: 0.024099	 time_elapsed: 7.8146
Episode-297: ep_meanFlowTime: 527.241964	 all_loss: 0.924816	 p_loss: -0.742701	 e_loss: 1.306433	 v_loss: 0.364228	 v_mre: 31.955238	 grad_changes: 0.081676	 time_elapsed: 7.8348
Episode-298: ep_meanFlowTime: 483.895275	 all_loss: -0.050956	 p_loss: 0.161166	 e_loss: 1.366532	 v_loss: 0.220420	 v_mre: 26.675644	 grad_changes: 0.033864	 time_elapsed: 7.8564
Episode-299: ep_meanFlowTime: 396.800892	 all_loss: 0.064274	 p_loss: 0.052778	 e_loss: 1.352678	 v_loss: 0.234103	 v_mre: 44.096397	 grad_changes: 0.031680	 time_elapsed: 7.8761
Episode-300: ep_meanFlowTime: 452.969931	 all_loss: 0.080677	 p_loss: -0.022434	 e_loss: 1.275759	 v_loss: 0.116484	 v_mre: 20.200563	 grad_changes: 0.027736	 time_elapsed: 7.8949
Vlidation at update-300: mean_flowtime_deterministic: 436.546773+/-71.842240	 mean_Entropy: 1.387812+/-0.031531	 record: 421.007858	 time_elapsed: 8.0077
Episode-301: ep_meanFlowTime: 559.998542	 all_loss: 0.191567	 p_loss: -0.115017	 e_loss: 1.350965	 v_loss: 0.153101	 v_mre: 18.212541	 grad_changes: 0.041721	 time_elapsed: 8.0286
Episode-302: ep_meanFlowTime: 492.361880	 all_loss: -0.034330	 p_loss: 0.212618	 e_loss: 1.285842	 v_loss: 0.356576	 v_mre: 30.687744	 grad_changes: 0.038900	 time_elapsed: 8.0490
Episode-303: ep_meanFlowTime: 395.142152	 all_loss: -0.095374	 p_loss: 0.158664	 e_loss: 1.229309	 v_loss: 0.126580	 v_mre: 170.015656	 grad_changes: 0.031321	 time_elapsed: 8.0688
Episode-304: ep_meanFlowTime: 405.138817	 all_loss: 0.285084	 p_loss: -0.199759	 e_loss: 1.210965	 v_loss: 0.170650	 v_mre: 61.899432	 grad_changes: 0.039262	 time_elapsed: 8.0894
Episode-305: ep_meanFlowTime: 415.842471	 all_loss: 0.097278	 p_loss: -0.035823	 e_loss: 1.245208	 v_loss: 0.122910	 v_mre: 22.966580	 grad_changes: 0.024511	 time_elapsed: 8.1080
Episode-306: ep_meanFlowTime: 530.145690	 all_loss: 0.497787	 p_loss: -0.219177	 e_loss: 1.214012	 v_loss: 0.557219	 v_mre: 31.741183	 grad_changes: 0.154231	 time_elapsed: 8.1292
